<?xml version="1.0" encoding="UTF-8"?>
<testng-results skipped="0" failed="1" total="4" passed="3">
  <reporter-output>
  </reporter-output>
  <suite name="Suite" duration-ms="72891" started-at="2019-08-22T16:32:02Z" finished-at="2019-08-22T16:33:15Z">
    <groups>
    </groups>
    <test name="Test" duration-ms="72891" started-at="2019-08-22T16:32:02Z" finished-at="2019-08-22T16:33:15Z">
      <class name="com.model.MercuryTsTest">
        <test-method status="PASS" signature="openBrowser()[pri:0, instance:com.model.MercuryTsTest@445b84c0]" name="openBrowser" is-config="true" duration-ms="4831" started-at="2019-08-22T09:31:58Z" finished-at="2019-08-22T09:32:02Z">
          <reporter-output>
          </reporter-output>
        </test-method> <!-- openBrowser -->
        <test-method status="PASS" signature="enterApplicationURL()[pri:0, instance:com.model.MercuryTsTest@445b84c0]" name="enterApplicationURL" is-config="true" duration-ms="3736" started-at="2019-08-22T09:32:02Z" finished-at="2019-08-22T09:32:06Z">
          <reporter-output>
          </reporter-output>
        </test-method> <!-- enterApplicationURL -->
        <test-method status="PASS" signature="maximizeBrowser()[pri:0, instance:com.model.MercuryTsTest@445b84c0]" name="maximizeBrowser" is-config="true" duration-ms="1133" started-at="2019-08-22T09:32:06Z" finished-at="2019-08-22T09:32:07Z">
          <reporter-output>
          </reporter-output>
        </test-method> <!-- maximizeBrowser -->
        <test-method status="PASS" signature="getAllCookies()[pri:0, instance:com.model.MercuryTsTest@445b84c0]" name="getAllCookies" is-config="true" duration-ms="21" started-at="2019-08-22T09:32:07Z" finished-at="2019-08-22T09:32:07Z">
          <reporter-output>
          </reporter-output>
        </test-method> <!-- getAllCookies -->
        <test-method status="PASS" signature="loginWithValidds1()[pri:1, instance:com.model.MercuryTsTest@445b84c0]" name="loginWithValidds1" duration-ms="26671" started-at="2019-08-22T09:32:07Z" description="Verify that valid user1 able to login into Mercury Tours Application by using valid username and password" finished-at="2019-08-22T09:32:34Z">
          <reporter-output>
          </reporter-output>
        </test-method> <!-- loginWithValidds1 -->
        <test-method status="PASS" signature="CaptureScreenshot()[pri:0, instance:com.model.MercuryTsTest@445b84c0]" name="CaptureScreenshot" is-config="true" duration-ms="455" started-at="2019-08-22T09:32:34Z" finished-at="2019-08-22T09:32:34Z">
          <reporter-output>
          </reporter-output>
        </test-method> <!-- CaptureScreenshot -->
        <test-method status="PASS" signature="getAllCookies()[pri:0, instance:com.model.MercuryTsTest@445b84c0]" name="getAllCookies" is-config="true" duration-ms="10" started-at="2019-08-22T09:32:34Z" finished-at="2019-08-22T09:32:34Z">
          <reporter-output>
          </reporter-output>
        </test-method> <!-- getAllCookies -->
        <test-method status="PASS" signature="loginWithValidds2()[pri:2, instance:com.model.MercuryTsTest@445b84c0]" name="loginWithValidds2" duration-ms="21920" started-at="2019-08-22T09:32:34Z" description="Verify that valid user2 able to login into Mercury Tours Application by using valid username and password" finished-at="2019-08-22T09:32:56Z">
          <reporter-output>
          </reporter-output>
        </test-method> <!-- loginWithValidds2 -->
        <test-method status="PASS" signature="CaptureScreenshot()[pri:0, instance:com.model.MercuryTsTest@445b84c0]" name="CaptureScreenshot" is-config="true" duration-ms="421" started-at="2019-08-22T09:32:56Z" finished-at="2019-08-22T09:32:57Z">
          <reporter-output>
          </reporter-output>
        </test-method> <!-- CaptureScreenshot -->
        <test-method status="PASS" signature="getAllCookies()[pri:0, instance:com.model.MercuryTsTest@445b84c0]" name="getAllCookies" is-config="true" duration-ms="9" started-at="2019-08-22T09:32:57Z" finished-at="2019-08-22T09:32:57Z">
          <reporter-output>
          </reporter-output>
        </test-method> <!-- getAllCookies -->
        <test-method status="PASS" signature="loginWithValidds3()[pri:3, instance:com.model.MercuryTsTest@445b84c0]" name="loginWithValidds3" duration-ms="14310" started-at="2019-08-22T09:32:57Z" description="Verify that valid user2 able to login into Mercury Tours Application by using valid username and password" finished-at="2019-08-22T09:33:11Z">
          <reporter-output>
          </reporter-output>
        </test-method> <!-- loginWithValidds3 -->
        <test-method status="PASS" signature="CaptureScreenshot()[pri:0, instance:com.model.MercuryTsTest@445b84c0]" name="CaptureScreenshot" is-config="true" duration-ms="417" started-at="2019-08-22T09:33:11Z" finished-at="2019-08-22T09:33:11Z">
          <reporter-output>
          </reporter-output>
        </test-method> <!-- CaptureScreenshot -->
        <test-method status="PASS" signature="getAllCookies()[pri:0, instance:com.model.MercuryTsTest@445b84c0]" name="getAllCookies" is-config="true" duration-ms="11" started-at="2019-08-22T09:33:11Z" finished-at="2019-08-22T09:33:12Z">
          <reporter-output>
          </reporter-output>
        </test-method> <!-- getAllCookies -->
        <test-method status="FAIL" signature="loginWithInvalidds()[pri:4, instance:com.model.MercuryTsTest@445b84c0]" name="loginWithInvalidds" duration-ms="3107" started-at="2019-08-22T09:33:12Z" description="Verify that valid user4 able to login into Mercury Tours Application by using invalid username and password" finished-at="2019-08-22T09:33:15Z">
          <exception class="org.openqa.selenium.NoSuchElementException">
            <message>
              <![CDATA[no such element: Unable to locate element: {"method":"xpath","selector":"//img[@src='/images/masts/mast_flightfinder.gif']"}
  (Session info: chrome=76.0.3809.100)
For documentation on this error, please visit: https://www.seleniumhq.org/exceptions/no_such_element.html
Build info: version: '3.141.59', revision: 'e82be7d358', time: '2018-11-14T08:25:53'
System info: host: 'VAIO-PC', ip: '192.168.43.68', os.name: 'Windows 8.1', os.arch: 'amd64', os.version: '6.3', java.version: '1.8.0_211'
Driver info: org.openqa.selenium.chrome.ChromeDriver
Capabilities {acceptInsecureCerts: false, browserName: chrome, browserVersion: 76.0.3809.100, chrome: {chromedriverVersion: 75.0.3770.90 (a6dcaf7e3ec6f..., userDataDir: C:\Users\SONY\AppData\Local...}, goog:chromeOptions: {debuggerAddress: localhost:58300}, javascriptEnabled: true, networkConnectionEnabled: false, pageLoadStrategy: normal, platform: XP, platformName: XP, proxy: Proxy(), setWindowRect: true, strictFileInteractability: false, timeouts: {implicit: 0, pageLoad: 300000, script: 30000}, unhandledPromptBehavior: dismiss and notify}
Session ID: aec28ca3d6ec190e06063ec4d287a0b4
*** Element info: {Using=xpath, value=//img[@src='/images/masts/mast_flightfinder.gif']}]]>
            </message>
            <full-stacktrace>
              <![CDATA[org.openqa.selenium.NoSuchElementException: no such element: Unable to locate element: {"method":"xpath","selector":"//img[@src='/images/masts/mast_flightfinder.gif']"}
  (Session info: chrome=76.0.3809.100)
For documentation on this error, please visit: https://www.seleniumhq.org/exceptions/no_such_element.html
Build info: version: '3.141.59', revision: 'e82be7d358', time: '2018-11-14T08:25:53'
System info: host: 'VAIO-PC', ip: '192.168.43.68', os.name: 'Windows 8.1', os.arch: 'amd64', os.version: '6.3', java.version: '1.8.0_211'
Driver info: org.openqa.selenium.chrome.ChromeDriver
Capabilities {acceptInsecureCerts: false, browserName: chrome, browserVersion: 76.0.3809.100, chrome: {chromedriverVersion: 75.0.3770.90 (a6dcaf7e3ec6f..., userDataDir: C:\Users\SONY\AppData\Local...}, goog:chromeOptions: {debuggerAddress: localhost:58300}, javascriptEnabled: true, networkConnectionEnabled: false, pageLoadStrategy: normal, platform: XP, platformName: XP, proxy: Proxy(), setWindowRect: true, strictFileInteractability: false, timeouts: {implicit: 0, pageLoad: 300000, script: 30000}, unhandledPromptBehavior: dismiss and notify}
Session ID: aec28ca3d6ec190e06063ec4d287a0b4
*** Element info: {Using=xpath, value=//img[@src='/images/masts/mast_flightfinder.gif']}
	at sun.reflect.NativeConstructorAccessorImpl.newInstance0(Native Method)
	at sun.reflect.NativeConstructorAccessorImpl.newInstance(NativeConstructorAccessorImpl.java:62)
	at sun.reflect.DelegatingConstructorAccessorImpl.newInstance(DelegatingConstructorAccessorImpl.java:45)
	at java.lang.reflect.Constructor.newInstance(Constructor.java:423)
	at org.openqa.selenium.remote.http.W3CHttpResponseCodec.createException(W3CHttpResponseCodec.java:187)
	at org.openqa.selenium.remote.http.W3CHttpResponseCodec.decode(W3CHttpResponseCodec.java:122)
	at org.openqa.selenium.remote.http.W3CHttpResponseCodec.decode(W3CHttpResponseCodec.java:49)
	at org.openqa.selenium.remote.HttpCommandExecutor.execute(HttpCommandExecutor.java:158)
	at org.openqa.selenium.remote.service.DriverCommandExecutor.execute(DriverCommandExecutor.java:83)
	at org.openqa.selenium.remote.RemoteWebDriver.execute(RemoteWebDriver.java:552)
	at org.openqa.selenium.remote.RemoteWebDriver.findElement(RemoteWebDriver.java:323)
	at org.openqa.selenium.remote.RemoteWebDriver.findElementByXPath(RemoteWebDriver.java:428)
	at org.openqa.selenium.By$ByXPath.findElement(By.java:353)
	at org.openqa.selenium.remote.RemoteWebDriver.findElement(RemoteWebDriver.java:315)
	at com.model.MercuryTsTest.loginWithInvalidds(MercuryTsTest.java:85)
	at sun.reflect.NativeMethodAccessorImpl.invoke0(Native Method)
	at sun.reflect.NativeMethodAccessorImpl.invoke(NativeMethodAccessorImpl.java:62)
	at sun.reflect.DelegatingMethodAccessorImpl.invoke(DelegatingMethodAccessorImpl.java:43)
	at java.lang.reflect.Method.invoke(Method.java:498)
	at org.testng.internal.MethodInvocationHelper.invokeMethod(MethodInvocationHelper.java:86)
	at org.testng.internal.Invoker.invokeMethod(Invoker.java:645)
	at org.testng.internal.Invoker.invokeTestMethod(Invoker.java:822)
	at org.testng.internal.Invoker.invokeTestMethods(Invoker.java:1130)
	at org.testng.internal.TestMethodWorker.invokeTestMethods(TestMethodWorker.java:129)
	at org.testng.internal.TestMethodWorker.run(TestMethodWorker.java:112)
	at org.testng.TestRunner.privateRun(TestRunner.java:782)
	at org.testng.TestRunner.run(TestRunner.java:632)
	at org.testng.SuiteRunner.runTest(SuiteRunner.java:366)
	at org.testng.SuiteRunner.runSequentially(SuiteRunner.java:361)
	at org.testng.SuiteRunner.privateRun(SuiteRunner.java:319)
	at org.testng.SuiteRunner.run(SuiteRunner.java:268)
	at org.testng.SuiteRunnerWorker.runSuite(SuiteRunnerWorker.java:52)
	at org.testng.SuiteRunnerWorker.run(SuiteRunnerWorker.java:86)
	at org.testng.TestNG.runSuitesSequentially(TestNG.java:1244)
	at org.testng.TestNG.runSuitesLocally(TestNG.java:1169)
	at org.testng.TestNG.run(TestNG.java:1064)
	at org.testng.remote.RemoteTestNG.run(RemoteTestNG.java:113)
	at org.testng.remote.RemoteTestNG.initAndRun(RemoteTestNG.java:206)
	at org.testng.remote.RemoteTestNG.main(RemoteTestNG.java:177)
]]>
            </full-stacktrace>
          </exception> <!-- org.openqa.selenium.NoSuchElementException -->
          <reporter-output>
          </reporter-output>
        </test-method> <!-- loginWithInvalidds -->
        <test-method status="PASS" signature="CaptureScreenshot()[pri:0, instance:com.model.MercuryTsTest@445b84c0]" name="CaptureScreenshot" is-config="true" duration-ms="397" started-at="2019-08-22T09:33:15Z" finished-at="2019-08-22T09:33:15Z">
          <reporter-output>
          </reporter-output>
        </test-method> <!-- CaptureScreenshot -->
        <test-method status="PASS" signature="deleteAllCookies()[pri:0, instance:com.model.MercuryTsTest@445b84c0]" name="deleteAllCookies" is-config="true" duration-ms="245" started-at="2019-08-22T09:33:15Z" finished-at="2019-08-22T09:33:15Z">
          <reporter-output>
          </reporter-output>
        </test-method> <!-- deleteAllCookies -->
        <test-method status="PASS" signature="dbConnectionClosed()[pri:0, instance:com.model.MercuryTsTest@445b84c0]" name="dbConnectionClosed" is-config="true" duration-ms="0" started-at="2019-08-22T09:33:15Z" finished-at="2019-08-22T09:33:15Z">
          <reporter-output>
          </reporter-output>
        </test-method> <!-- dbConnectionClosed -->
        <test-method status="PASS" signature="closeBrowser()[pri:0, instance:com.model.MercuryTsTest@445b84c0]" name="closeBrowser" is-config="true" duration-ms="95" started-at="2019-08-22T09:33:15Z" finished-at="2019-08-22T09:33:15Z">
          <reporter-output>
          </reporter-output>
        </test-method> <!-- closeBrowser -->
      </class> <!-- com.model.MercuryTsTest -->
    </test> <!-- Test -->
  </suite> <!-- Suite -->
</testng-results>
